Using pre-set license
Built from '2020.3/staging' branch; Version is '2020.3.25f1 (9b9180224418) revision 10195328'; Using compiler version '192528614'; Build Type 'Release'
OS: 'Windows 11  (10.0.22000) 64bit Core' Language: 'ko' Physical Memory: 8048 MB
BatchMode: 1, IsHumanControllingUs: 0, StartBugReporterOnCrash: 0, Is64bit: 1, IsPro: 0

COMMAND LINE ARGUMENTS:
C:\Program Files\Unity 2020.3.25f1\Editor\Unity.exe
-adb2
-batchMode
-noUpm
-name
AssetImportWorker0
-projectPath
C:/Users/dpcks/Desktop/PokemonRed
-logFile
Logs/AssetImportWorker0.log
-srvPort
58017
Successfully changed project path to: C:/Users/dpcks/Desktop/PokemonRed
C:/Users/dpcks/Desktop/PokemonRed
Using Asset Import Pipeline V2.
Refreshing native plugins compatible for Editor in 45.89 ms, found 3 plugins.
Preloading 0 native plugins for Editor in 0.00 ms.
Initialize engine version: 2020.3.25f1 (9b9180224418)
[Subsystems] Discovering subsystems at path C:/Program Files/Unity 2020.3.25f1/Editor/Data/Resources/UnitySubsystems
[Subsystems] Discovering subsystems at path C:/Users/dpcks/Desktop/PokemonRed/Assets
GfxDevice: creating device client; threaded=0
Direct3D:
    Version:  Direct3D 11.0 [level 11.1]
    Renderer: NVIDIA GeForce GTX 1050 Ti (ID=0x1c8c)
    Vendor:   
    VRAM:     4021 MB
    Driver:   30.0.14.7168
Initialize mono
Mono path[0] = 'C:/Program Files/Unity 2020.3.25f1/Editor/Data/Managed'
Mono path[1] = 'C:/Program Files/Unity 2020.3.25f1/Editor/Data/MonoBleedingEdge/lib/mono/unityjit'
Mono config path = 'C:/Program Files/Unity 2020.3.25f1/Editor/Data/MonoBleedingEdge/etc'
Using monoOptions --debugger-agent=transport=dt_socket,embedding=1,server=y,suspend=n,address=127.0.0.1:56480
Begin MonoManager ReloadAssembly
Registering precompiled unity dll's ...
Register platform support module: C:/Program Files/Unity 2020.3.25f1/Editor/Data/PlaybackEngines/WindowsStandaloneSupport/UnityEditor.WindowsStandalone.Extensions.dll
Registered in 0.001309 seconds.
Native extension for WindowsStandalone target not found
Refreshing native plugins compatible for Editor in 40.84 ms, found 3 plugins.
Preloading 0 native plugins for Editor in 0.00 ms.
Mono: successfully reloaded assembly
- Completed reload, in  0.540 seconds
Domain Reload Profiling:
	ReloadAssembly (540ms)
		BeginReloadAssembly (47ms)
			ExecutionOrderSort (0ms)
			DisableScriptedObjects (0ms)
			BackupInstance (0ms)
			ReleaseScriptingObjects (0ms)
			CreateAndSetChildDomain (1ms)
		EndReloadAssembly (424ms)
			LoadAssemblies (45ms)
			RebuildTransferFunctionScriptingTraits (0ms)
			SetupTypeCache (142ms)
			ReleaseScriptCaches (0ms)
			RebuildScriptCaches (30ms)
			SetupLoadedEditorAssemblies (158ms)
				LogAssemblyErrors (0ms)
				InitializePlatformSupportModulesInManaged (4ms)
				SetLoadedEditorAssemblies (0ms)
				RefreshPlugins (41ms)
				BeforeProcessingInitializeOnLoad (8ms)
				ProcessInitializeOnLoadAttributes (75ms)
				ProcessInitializeOnLoadMethodAttributes (29ms)
				AfterProcessingInitializeOnLoad (0ms)
				EditorAssembliesLoaded (0ms)
			ExecutionOrderSort2 (0ms)
			AwakeInstancesAfterBackupRestoration (0ms)
Platform modules already initialized, skipping
Registering precompiled user dll's ...
Registered in 0.004961 seconds.
Begin MonoManager ReloadAssembly
Native extension for WindowsStandalone target not found
Refreshing native plugins compatible for Editor in 40.42 ms, found 3 plugins.
Preloading 0 native plugins for Editor in 0.00 ms.
Mono: successfully reloaded assembly
- Completed reload, in  1.029 seconds
Domain Reload Profiling:
	ReloadAssembly (1029ms)
		BeginReloadAssembly (134ms)
			ExecutionOrderSort (0ms)
			DisableScriptedObjects (4ms)
			BackupInstance (0ms)
			ReleaseScriptingObjects (0ms)
			CreateAndSetChildDomain (18ms)
		EndReloadAssembly (839ms)
			LoadAssemblies (83ms)
			RebuildTransferFunctionScriptingTraits (0ms)
			SetupTypeCache (290ms)
			ReleaseScriptCaches (0ms)
			RebuildScriptCaches (43ms)
			SetupLoadedEditorAssemblies (305ms)
				LogAssemblyErrors (0ms)
				InitializePlatformSupportModulesInManaged (3ms)
				SetLoadedEditorAssemblies (0ms)
				RefreshPlugins (40ms)
				BeforeProcessingInitializeOnLoad (60ms)
				ProcessInitializeOnLoadAttributes (181ms)
				ProcessInitializeOnLoadMethodAttributes (16ms)
				AfterProcessingInitializeOnLoad (4ms)
				EditorAssembliesLoaded (0ms)
			ExecutionOrderSort2 (0ms)
			AwakeInstancesAfterBackupRestoration (6ms)
Platform modules already initialized, skipping
========================================================================
Worker process is ready to serve import requests
Launched and connected shader compiler UnityShaderCompiler.exe after 0.07 seconds
Refreshing native plugins compatible for Editor in 0.53 ms, found 3 plugins.
Preloading 0 native plugins for Editor in 0.00 ms.
Unloading 2194 Unused Serialized files (Serialized files now loaded: 0)
System memory in use before: 95.8 MB.
System memory in use after: 95.8 MB.

Unloading 28 unused Assets to reduce memory usage. Loaded Objects now: 2627.
Total: 3.259600 ms (FindLiveObjects: 0.187200 ms CreateObjectMapping: 0.101100 ms MarkObjects: 2.899900 ms  DeleteObjects: 0.070200 ms)

AssetImportParameters requested are different than current active one (requested -> active):
  custom:framework-win-MediaFoundation: 216162199b28c13a410421893ffa2e32 -> 
  custom:video-decoder-ogg-theora: a1e56fd34408186e4bbccfd4996cb3dc -> 
  custom:container-muxer-webm: aa71ff27fc2769a1b78a27578f13a17b -> 
  custom:container-demuxer-webm: 4f35f7cbe854078d1ac9338744f61a02 -> 
  custom:container-demuxer-ogg: 62fdf1f143b41e24485cea50d1cbac27 -> 
  custom:video-encoder-webm-vp8: eb34c28f22e8b96e1ab97ce403110664 -> 
  custom:video-decoder-webm-vp8: 9c59270c3fd7afecdb556c50c9e8de78 -> 
  custom:audio-decoder-ogg-vorbis: bf7c407c2cedff20999df2af8eb42d56 -> 
  custom:audio-encoder-webm-vorbis: bf7c407c2cedff20999df2af8eb42d56 -> 
========================================================================
Received Import Request.
  path: Assets/Scenes/08.unity
  artifactKey: Guid(0867669805ca90349bf57cf380d9f8c3) Importer(815301076,1909f56bfc062723c751e8b465ee728b)
Start importing Assets/Scenes/08.unity using Guid(0867669805ca90349bf57cf380d9f8c3) Importer(815301076,1909f56bfc062723c751e8b465ee728b)  -> (artifact id: '5dd19c510ab1999b3ca3be372ef6b68c') in 0.018340 seconds 
  Import took 0.021885 seconds .

========================================================================
Received Import Request.
  Time since last request: 270.125934 seconds.
  path: Assets/Scenes/07.unity
  artifactKey: Guid(394ad7c4d773bd547a9d459351de0214) Importer(815301076,1909f56bfc062723c751e8b465ee728b)
Start importing Assets/Scenes/07.unity using Guid(394ad7c4d773bd547a9d459351de0214) Importer(815301076,1909f56bfc062723c751e8b465ee728b)  -> (artifact id: 'bc9652c151cab94deadf9a783e5a41f6') in 0.016218 seconds 
  Import took 0.020916 seconds .

========================================================================
Received Import Request.
  Time since last request: 15.163854 seconds.
  path: Assets/Scenes/07.unity
  artifactKey: Guid(394ad7c4d773bd547a9d459351de0214) Importer(815301076,1909f56bfc062723c751e8b465ee728b)
Start importing Assets/Scenes/07.unity using Guid(394ad7c4d773bd547a9d459351de0214) Importer(815301076,1909f56bfc062723c751e8b465ee728b)  -> (artifact id: '608e4a7de686f68920451500e49c60c3') in 0.005090 seconds 
  Import took 0.009457 seconds .

========================================================================
Received Import Request.
  Time since last request: 1.142427 seconds.
  path: Assets/Scenes/09.unity
  artifactKey: Guid(e2145a38a0c1d9247ac6495c0ce6aa5e) Importer(815301076,1909f56bfc062723c751e8b465ee728b)
Start importing Assets/Scenes/09.unity using Guid(e2145a38a0c1d9247ac6495c0ce6aa5e) Importer(815301076,1909f56bfc062723c751e8b465ee728b)  -> (artifact id: 'dba1efce4981e287e95cfb7ab5cf0e51') in 0.017163 seconds 
  Import took 0.021291 seconds .

========================================================================
Received Import Request.
  Time since last request: 1.476976 seconds.
  path: Assets/Scenes/10.unity
  artifactKey: Guid(91fa14b16023dd44ba8938bd287070c9) Importer(815301076,1909f56bfc062723c751e8b465ee728b)
Start importing Assets/Scenes/10.unity using Guid(91fa14b16023dd44ba8938bd287070c9) Importer(815301076,1909f56bfc062723c751e8b465ee728b)  -> (artifact id: '8e758d5ad8d9351aa1c9410f66a6b81e') in 0.016934 seconds 
  Import took 0.020841 seconds .

========================================================================
Received Import Request.
  Time since last request: 1310.341410 seconds.
  path: Assets/Scenes/14.unity
  artifactKey: Guid(cd680ba011eb7de49b648cd50a65813b) Importer(815301076,1909f56bfc062723c751e8b465ee728b)
Start importing Assets/Scenes/14.unity using Guid(cd680ba011eb7de49b648cd50a65813b) Importer(815301076,1909f56bfc062723c751e8b465ee728b)  -> (artifact id: '54a4f9f6ec2e27629d3df61f5d576f68') in 0.015173 seconds 
  Import took 0.019831 seconds .

========================================================================
Received Import Request.
  Time since last request: 9.944009 seconds.
  path: Assets/Scenes/16.unity
  artifactKey: Guid(496cb111f85b6a849b153d22c42c2da0) Importer(815301076,1909f56bfc062723c751e8b465ee728b)
Start importing Assets/Scenes/16.unity using Guid(496cb111f85b6a849b153d22c42c2da0) Importer(815301076,1909f56bfc062723c751e8b465ee728b)  -> (artifact id: '430659ec4bcf42c9749131a07e91ebcf') in 0.012638 seconds 
  Import took 0.017515 seconds .

AssetImportWorkerClient::OnTransportError - code=2 error=End of file
